Determining if the pthread_create exist failed with the following output:
Change Dir: /home/zack/test_ws/build/CMakeFiles/CMakeTmp

Run Build Command:/usr/bin/make "cmTryCompileExec2581001811/fast"
/usr/bin/make -f CMakeFiles/cmTryCompileExec2581001811.dir/build.make CMakeFiles/cmTryCompileExec2581001811.dir/build
make[1]: Entering directory `/home/zack/test_ws/build/CMakeFiles/CMakeTmp'
/usr/bin/cmake -E cmake_progress_report /home/zack/test_ws/build/CMakeFiles/CMakeTmp/CMakeFiles 1
Building C object CMakeFiles/cmTryCompileExec2581001811.dir/CheckSymbolExists.c.o
/usr/bin/cc    -o CMakeFiles/cmTryCompileExec2581001811.dir/CheckSymbolExists.c.o   -c /home/zack/test_ws/build/CMakeFiles/CMakeTmp/CheckSymbolExists.c
Linking C executable cmTryCompileExec2581001811
/usr/bin/cmake -E cmake_link_script CMakeFiles/cmTryCompileExec2581001811.dir/link.txt --verbose=1
/usr/bin/cc       CMakeFiles/cmTryCompileExec2581001811.dir/CheckSymbolExists.c.o  -o cmTryCompileExec2581001811 -rdynamic 
CMakeFiles/cmTryCompileExec2581001811.dir/CheckSymbolExists.c.o: In function `main':
CheckSymbolExists.c:(.text+0x16): undefined reference to `pthread_create'
collect2: error: ld returned 1 exit status
make[1]: *** [cmTryCompileExec2581001811] Error 1
make[1]: Leaving directory `/home/zack/test_ws/build/CMakeFiles/CMakeTmp'
make: *** [cmTryCompileExec2581001811/fast] Error 2

File /home/zack/test_ws/build/CMakeFiles/CMakeTmp/CheckSymbolExists.c:
/* */
#include <pthread.h>

int main(int argc, char** argv)
{
  (void)argv;
#ifndef pthread_create
  return ((int*)(&pthread_create))[argc];
#else
  (void)argc;
  return 0;
#endif
}

Determining if the function pthread_create exists in the pthreads failed with the following output:
Change Dir: /home/zack/test_ws/build/CMakeFiles/CMakeTmp

Run Build Command:/usr/bin/make "cmTryCompileExec4190103070/fast"
/usr/bin/make -f CMakeFiles/cmTryCompileExec4190103070.dir/build.make CMakeFiles/cmTryCompileExec4190103070.dir/build
make[1]: Entering directory `/home/zack/test_ws/build/CMakeFiles/CMakeTmp'
/usr/bin/cmake -E cmake_progress_report /home/zack/test_ws/build/CMakeFiles/CMakeTmp/CMakeFiles 1
Building C object CMakeFiles/cmTryCompileExec4190103070.dir/CheckFunctionExists.c.o
/usr/bin/cc   -DCHECK_FUNCTION_EXISTS=pthread_create   -o CMakeFiles/cmTryCompileExec4190103070.dir/CheckFunctionExists.c.o   -c /usr/share/cmake-2.8/Modules/CheckFunctionExists.c
Linking C executable cmTryCompileExec4190103070
/usr/bin/cmake -E cmake_link_script CMakeFiles/cmTryCompileExec4190103070.dir/link.txt --verbose=1
/usr/bin/cc   -DCHECK_FUNCTION_EXISTS=pthread_create    CMakeFiles/cmTryCompileExec4190103070.dir/CheckFunctionExists.c.o  -o cmTryCompileExec4190103070 -rdynamic -lpthreads 
/usr/bin/ld: cannot find -lpthreads
collect2: error: ld returned 1 exit status
make[1]: *** [cmTryCompileExec4190103070] Error 1
make[1]: Leaving directory `/home/zack/test_ws/build/CMakeFiles/CMakeTmp'
make: *** [cmTryCompileExec4190103070/fast] Error 2


Determining if the Q_WS_WIN exist failed with the following output:
Change Dir: /home/zack/test_ws/build/CMakeFiles/CMakeTmp

Run Build Command:/usr/bin/make "cmTryCompileExec4126985790/fast"
/usr/bin/make -f CMakeFiles/cmTryCompileExec4126985790.dir/build.make CMakeFiles/cmTryCompileExec4126985790.dir/build
make[1]: Entering directory `/home/zack/test_ws/build/CMakeFiles/CMakeTmp'
/usr/bin/cmake -E cmake_progress_report /home/zack/test_ws/build/CMakeFiles/CMakeTmp/CMakeFiles 1
Building CXX object CMakeFiles/cmTryCompileExec4126985790.dir/CheckSymbolExists.cxx.o
/usr/bin/c++    -I/usr/include/qt4    -o CMakeFiles/cmTryCompileExec4126985790.dir/CheckSymbolExists.cxx.o -c /home/zack/test_ws/build/CMakeFiles/CMakeTmp/CheckSymbolExists.cxx
/home/zack/test_ws/build/CMakeFiles/CMakeTmp/CheckSymbolExists.cxx: In function ‘int main(int, char**)’:
/home/zack/test_ws/build/CMakeFiles/CMakeTmp/CheckSymbolExists.cxx:8:19: error: ‘Q_WS_WIN’ was not declared in this scope
   return ((int*)(&Q_WS_WIN))[argc];
                   ^
make[1]: *** [CMakeFiles/cmTryCompileExec4126985790.dir/CheckSymbolExists.cxx.o] Error 1
make[1]: Leaving directory `/home/zack/test_ws/build/CMakeFiles/CMakeTmp'
make: *** [cmTryCompileExec4126985790/fast] Error 2

File /home/zack/test_ws/build/CMakeFiles/CMakeTmp/CheckSymbolExists.cxx:
/* */
#include <QtCore/qglobal.h>

int main(int argc, char** argv)
{
  (void)argv;
#ifndef Q_WS_WIN
  return ((int*)(&Q_WS_WIN))[argc];
#else
  (void)argc;
  return 0;
#endif
}

Determining if the Q_WS_QWS exist failed with the following output:
Change Dir: /home/zack/test_ws/build/CMakeFiles/CMakeTmp

Run Build Command:/usr/bin/make "cmTryCompileExec104984729/fast"
/usr/bin/make -f CMakeFiles/cmTryCompileExec104984729.dir/build.make CMakeFiles/cmTryCompileExec104984729.dir/build
make[1]: Entering directory `/home/zack/test_ws/build/CMakeFiles/CMakeTmp'
/usr/bin/cmake -E cmake_progress_report /home/zack/test_ws/build/CMakeFiles/CMakeTmp/CMakeFiles 1
Building CXX object CMakeFiles/cmTryCompileExec104984729.dir/CheckSymbolExists.cxx.o
/usr/bin/c++    -I/usr/include/qt4    -o CMakeFiles/cmTryCompileExec104984729.dir/CheckSymbolExists.cxx.o -c /home/zack/test_ws/build/CMakeFiles/CMakeTmp/CheckSymbolExists.cxx
/home/zack/test_ws/build/CMakeFiles/CMakeTmp/CheckSymbolExists.cxx: In function ‘int main(int, char**)’:
/home/zack/test_ws/build/CMakeFiles/CMakeTmp/CheckSymbolExists.cxx:8:19: error: ‘Q_WS_QWS’ was not declared in this scope
   return ((int*)(&Q_WS_QWS))[argc];
                   ^
make[1]: *** [CMakeFiles/cmTryCompileExec104984729.dir/CheckSymbolExists.cxx.o] Error 1
make[1]: Leaving directory `/home/zack/test_ws/build/CMakeFiles/CMakeTmp'
make: *** [cmTryCompileExec104984729/fast] Error 2

File /home/zack/test_ws/build/CMakeFiles/CMakeTmp/CheckSymbolExists.cxx:
/* */
#include <QtCore/qglobal.h>

int main(int argc, char** argv)
{
  (void)argv;
#ifndef Q_WS_QWS
  return ((int*)(&Q_WS_QWS))[argc];
#else
  (void)argc;
  return 0;
#endif
}

Determining if the Q_WS_MAC exist failed with the following output:
Change Dir: /home/zack/test_ws/build/CMakeFiles/CMakeTmp

Run Build Command:/usr/bin/make "cmTryCompileExec183992493/fast"
/usr/bin/make -f CMakeFiles/cmTryCompileExec183992493.dir/build.make CMakeFiles/cmTryCompileExec183992493.dir/build
make[1]: Entering directory `/home/zack/test_ws/build/CMakeFiles/CMakeTmp'
/usr/bin/cmake -E cmake_progress_report /home/zack/test_ws/build/CMakeFiles/CMakeTmp/CMakeFiles 1
Building CXX object CMakeFiles/cmTryCompileExec183992493.dir/CheckSymbolExists.cxx.o
/usr/bin/c++    -I/usr/include/qt4    -o CMakeFiles/cmTryCompileExec183992493.dir/CheckSymbolExists.cxx.o -c /home/zack/test_ws/build/CMakeFiles/CMakeTmp/CheckSymbolExists.cxx
/home/zack/test_ws/build/CMakeFiles/CMakeTmp/CheckSymbolExists.cxx: In function ‘int main(int, char**)’:
/home/zack/test_ws/build/CMakeFiles/CMakeTmp/CheckSymbolExists.cxx:8:19: error: ‘Q_WS_MAC’ was not declared in this scope
   return ((int*)(&Q_WS_MAC))[argc];
                   ^
make[1]: *** [CMakeFiles/cmTryCompileExec183992493.dir/CheckSymbolExists.cxx.o] Error 1
make[1]: Leaving directory `/home/zack/test_ws/build/CMakeFiles/CMakeTmp'
make: *** [cmTryCompileExec183992493/fast] Error 2

File /home/zack/test_ws/build/CMakeFiles/CMakeTmp/CheckSymbolExists.cxx:
/* */
#include <QtCore/qglobal.h>

int main(int argc, char** argv)
{
  (void)argv;
#ifndef Q_WS_MAC
  return ((int*)(&Q_WS_MAC))[argc];
#else
  (void)argc;
  return 0;
#endif
}

